[2016-03-28 21:50:40] START
[2016-03-28 21:51:22] EDIT Complaint_Portal/models/db.py: 23
[2016-03-28 21:51:47] CREATE dbUser.py: 0
[2016-03-28 21:52:05] EDIT Complaint_Portal/models/dbUser.py: 23
[2016-03-28 21:52:37] EDIT Complaint_Portal/controllers/default.py: 70
[2016-03-28 22:02:37] CREATE default/complaints_by_level.html: 0
[2016-03-28 22:03:07] CREATE default/edit_complaint.html: 0
[2016-03-28 22:03:26] CREATE default/make_complaint.html: 0
[2016-03-28 22:03:53] CREATE default/view_complaint.html: 0
[2016-03-28 22:04:12] EDIT Complaint_Portal/controllers/default.py: -1
[2016-03-28 22:05:14] EDIT Complaint_Portal/views/default/complaints_by_level.html: 4
[2016-03-28 22:05:36] EDIT Complaint_Portal/views/default/edit_complaint.html: 5
[2016-03-28 22:05:55] EDIT Complaint_Portal/views/default/make_complaint.html: 5
[2016-03-28 22:07:55] EDIT Complaint_Portal/views/default/view_complaint.html: 31
[2016-03-28 22:09:09] EDIT Complaint_Portal/controllers/default.py: 10
[2016-03-28 22:09:51] EDIT Complaint_Portal/controllers/default.py: 0
[2016-03-28 22:09:58] EDIT Complaint_Portal/controllers/default.py: 0
[2016-03-28 22:11:17] EDIT Complaint_Portal/views/default/view_complaint.html: 0
[2016-03-28 22:12:08] EDIT Complaint_Portal/views/default/view_complaint.html: 0
[2016-03-28 22:12:27] EDIT Complaint_Portal/views/default/view_complaint.html: 0
[2016-03-28 22:12:50] EDIT Complaint_Portal/views/default/view_complaint.html: 0
[2016-03-28 22:13:28] EDIT Complaint_Portal/views/default/view_complaint.html: 0
[2016-03-28 22:14:22] EDIT Complaint_Portal/controllers/default.py: -10
[2016-03-28 22:14:25] EDIT Complaint_Portal/controllers/default.py: 0
[2016-03-28 22:16:31] EDIT Complaint_Portal/models/dbUser.py: 6
[2016-03-28 22:17:13] CREATE default/complaints_by_user.html: 0
[2016-03-28 22:18:16] DELETE Complaint_Portal/views/default/complaints_by_user.html: -3
[2016-03-28 22:24:30] EDIT Complaint_Portal/controllers/default.py: 3
[2016-03-28 22:25:01] EDIT Complaint_Portal/controllers/default.py: 0
[2016-03-28 22:27:29] EDIT Complaint_Portal/views/default/index.html: -43
[2016-03-28 22:27:36] EDIT Complaint_Portal/views/default/index.html: 0
[2016-03-28 22:28:00] EDIT Complaint_Portal/views/default/index.html: 0
[2016-03-28 22:28:05] EDIT Complaint_Portal/views/default/index.html: 0
[2016-03-28 22:29:15] EDIT Complaint_Portal/controllers/default.py: 0
[2016-03-28 22:29:43] EDIT Complaint_Portal/views/default/index.html: 0
[2016-03-28 22:30:27] EDIT Complaint_Portal/views/default/index.html: 0
[2016-03-28 22:31:04] EDIT Complaint_Portal/views/default/index.html: 0
[2016-03-28 22:40:20] EDIT Complaint_Portal/controllers/default.py: -2
[2016-03-28 22:40:55] CREATE APIs.py: 0
[2016-03-29 00:08:40] EDIT Complaint_Portal/controllers/APIs.py: 0
[2016-03-29 00:47:08] EDIT Complaint_Portal/controllers/APIs.py: 0
[2016-03-29 00:47:16] EDIT Complaint_Portal/controllers/APIs.py: 0
[2016-03-29 00:47:18] EDIT Complaint_Portal/controllers/APIs.py: 0
[2016-03-29 00:47:26] EDIT Complaint_Portal/controllers/APIs.py: 1
[2016-03-29 00:51:06] EDIT Complaint_Portal/models/dbUser.py: 1
[2016-03-29 01:18:47] EDIT Complaint_Portal/controllers/APIs.py: 3
[2016-03-29 01:20:14] EDIT Complaint_Portal/controllers/APIs.py: 1
[2016-03-29 01:20:41] EDIT Complaint_Portal/controllers/APIs.py: 0
[2016-03-29 01:21:16] EDIT Complaint_Portal/controllers/APIs.py: 1
[2016-03-29 01:21:37] EDIT Complaint_Portal/controllers/APIs.py: 1
[2016-03-29 01:24:16] EDIT Complaint_Portal/controllers/APIs.py: 2
[2016-03-29 01:25:32] EDIT Complaint_Portal/controllers/APIs.py: 2
[2016-03-29 01:26:24] EDIT Complaint_Portal/controllers/APIs.py: 1
[2016-03-29 01:30:03] EDIT Complaint_Portal/controllers/APIs.py: -3
[2016-03-29 01:48:46] EDIT Complaint_Portal/controllers/APIs.py: 0
[2016-03-29 01:50:41] EDIT Complaint_Portal/models/dbUser.py: 0
[2016-03-29 01:56:43] EDIT Complaint_Portal/controllers/APIs.py: 0
[2016-03-29 01:58:03] EDIT Complaint_Portal/controllers/APIs.py: -1
[2016-03-29 01:58:21] EDIT Complaint_Portal/models/dbUser.py: 0
[2016-03-29 01:58:43] EDIT Complaint_Portal/models/dbUser.py: 0
[2016-03-29 01:59:51] EDIT Complaint_Portal/controllers/APIs.py: 1
[2016-03-29 02:06:01] EDIT Complaint_Portal/controllers/APIs.py: 1
[2016-03-29 02:06:05] EDIT Complaint_Portal/controllers/APIs.py: 0
[2016-03-29 02:07:24] EDIT Complaint_Portal/controllers/APIs.py: 1
[2016-03-29 02:14:27] EDIT Complaint_Portal/controllers/default.py: 0
[2016-03-29 02:25:35] EDIT Complaint_Portal/controllers/APIs.py: 6
[2016-03-29 02:35:11] EDIT Complaint_Portal/controllers/APIs.py: 2
[2016-03-29 02:35:20] EDIT Complaint_Portal/controllers/APIs.py: 0
[2016-03-29 02:41:12] EDIT Complaint_Portal/controllers/APIs.py: 0
[2016-03-29 02:59:55] EDIT Complaint_Portal/controllers/APIs.py: 21
[2016-03-29 03:12:30] EDIT Complaint_Portal/controllers/APIs.py: 6
[2016-03-29 03:17:20] EDIT Complaint_Portal/controllers/APIs.py: 0
[2016-03-29 03:17:42] EDIT Complaint_Portal/controllers/APIs.py: 0
[2016-03-29 03:21:16] EDIT Complaint_Portal/controllers/APIs.py: -3
[2016-03-29 03:21:22] EDIT Complaint_Portal/controllers/APIs.py: 0
[2016-03-29 03:27:09] EDIT Complaint_Portal/controllers/APIs.py: 4
[2016-03-29 03:32:39] EDIT Complaint_Portal/controllers/APIs.py: 6
[2016-03-29 03:33:49] EDIT Complaint_Portal/controllers/APIs.py: 2
[2016-03-29 03:34:50] EDIT Complaint_Portal/controllers/APIs.py: -1
[2016-03-29 04:26:57] EDIT Complaint_Portal/controllers/APIs.py: 25
[2016-03-29 04:28:18] EDIT Complaint_Portal/controllers/APIs.py: 1
[2016-03-29 04:29:55] EDIT Complaint_Portal/controllers/APIs.py: 3
[2016-03-29 04:42:39] EDIT Complaint_Portal/controllers/APIs.py: 0
[2016-03-29 09:48:29] EDIT Complaint_Portal/controllers/APIs.py: 7
[2016-03-29 09:50:30] EDIT Complaint_Portal/controllers/APIs.py: 0
[2016-03-29 10:17:21] EDIT Complaint_Portal/controllers/APIs.py: 20
[2016-03-29 10:17:30] EDIT Complaint_Portal/controllers/APIs.py: 0
[2016-03-29 10:17:35] EDIT Complaint_Portal/controllers/APIs.py: 0
[2016-03-29 10:19:31] EDIT Complaint_Portal/controllers/APIs.py: 18
[2016-03-29 10:20:56] EDIT Complaint_Portal/controllers/APIs.py: 0
[2016-03-29 11:07:35] EDIT Complaint_Portal/controllers/APIs.py: 19
[2016-03-29 11:08:02] EDIT Complaint_Portal/controllers/APIs.py: 19
[2016-03-29 11:08:22] EDIT Complaint_Portal/controllers/APIs.py: 1
[2016-03-29 11:10:44] EDIT Complaint_Portal/controllers/APIs.py: 1
[2016-03-29 11:19:11] EDIT Complaint_Portal/controllers/APIs.py: 8
[2016-03-29 11:19:42] EDIT Complaint_Portal/controllers/APIs.py: 1
[2016-03-29 11:22:09] EDIT Complaint_Portal/controllers/APIs.py: 1
[2016-03-29 11:25:51] EDIT Complaint_Portal/controllers/APIs.py: 3
[2016-03-29 11:27:28] EDIT Complaint_Portal/controllers/APIs.py: 0
[2016-03-29 11:28:13] EDIT Complaint_Portal/controllers/APIs.py: 1
[2016-03-29 11:28:26] EDIT Complaint_Portal/controllers/APIs.py: 2
[2016-03-29 11:28:31] EDIT Complaint_Portal/controllers/APIs.py: 0
[2016-03-29 11:28:43] EDIT Complaint_Portal/controllers/APIs.py: 0
[2016-03-29 11:30:30] EDIT Complaint_Portal/controllers/APIs.py: -2
[2016-03-29 11:30:36] EDIT Complaint_Portal/controllers/APIs.py: 0
[2016-03-29 11:35:11] EDIT Complaint_Portal/controllers/APIs.py: 0
[2016-03-29 11:35:28] EDIT Complaint_Portal/controllers/APIs.py: 0
[2016-03-29 16:21:01] EDIT Complaint_Portal/controllers/APIs.py: 0
[2016-03-29 16:23:58] EDIT Complaint_Portal/controllers/APIs.py: 0
[2016-03-29 16:28:55] EDIT Complaint_Portal/controllers/APIs.py: 0
[2016-03-29 17:35:18] EDIT Complaint_Portal/models/db.py: 0
[2016-03-29 18:13:12] EDIT Complaint_Portal/controllers/APIs.py: 0
[2016-03-29 18:15:06] EDIT Complaint_Portal/controllers/APIs.py: 0
[2016-03-29 18:17:26] EDIT Complaint_Portal/controllers/APIs.py: 0
[2016-03-29 18:28:55] EDIT Complaint_Portal/controllers/APIs.py: 5
[2016-03-29 18:30:04] EDIT Complaint_Portal/controllers/APIs.py: 8
[2016-03-29 18:30:21] EDIT Complaint_Portal/controllers/APIs.py: 0
[2016-03-29 18:31:44] EDIT Complaint_Portal/controllers/APIs.py: 0
[2016-03-29 18:37:03] EDIT Complaint_Portal/controllers/APIs.py: 0
[2016-03-29 18:37:10] EDIT Complaint_Portal/controllers/APIs.py: 0
[2016-03-29 18:45:55] EDIT Complaint_Portal/controllers/default.py: -7
[2016-03-29 18:48:11] EDIT Complaint_Portal/controllers/default.py: 0
[2016-03-29 18:49:03] EDIT Complaint_Portal/controllers/default.py: -9
[2016-03-29 18:49:05] EDIT Complaint_Portal/controllers/APIs.py: 9
[2016-03-29 19:07:38] EDIT Complaint_Portal/controllers/default.py: 9
[2016-03-29 19:07:45] EDIT Complaint_Portal/controllers/APIs.py: -9
[2016-03-29 19:19:31] EDIT Complaint_Portal/controllers/APIs.py: 0
[2016-03-29 19:24:07] EDIT Complaint_Portal/controllers/APIs.py: -19
[2016-03-29 19:32:44] EDIT Complaint_Portal/controllers/APIs.py: 0
[2016-03-29 19:35:16] EDIT Complaint_Portal/controllers/default.py: 0
[2016-03-29 19:37:16] EDIT Complaint_Portal/controllers/APIs.py: -19
[2016-03-29 19:40:37] EDIT Complaint_Portal/controllers/APIs.py: 0
[2016-03-29 19:41:22] EDIT Complaint_Portal/controllers/APIs.py: -19
[2016-03-29 19:41:29] EDIT Complaint_Portal/controllers/APIs.py: 0
[2016-03-29 19:49:10] EDIT Complaint_Portal/controllers/APIs.py: -7
[2016-03-29 19:50:05] EDIT Complaint_Portal/controllers/APIs.py: -9
[2016-03-29 19:50:17] EDIT Complaint_Portal/controllers/APIs.py: -9
[2016-03-29 19:51:59] EDIT Complaint_Portal/controllers/APIs.py: 0
[2016-03-29 19:52:59] EDIT Complaint_Portal/controllers/default.py: 0
[2016-03-29 20:03:21] EDIT Complaint_Portal/views/default/index.html: -2
